<?xml version="1.0" encoding="UTF-8"?>
<!-- Generated by org.testng.reporters.JUnitReportReporter -->
<testsuite hostname="DESKTOP-A9223PE" failures="0" tests="3" name="CMCadmintest.Loginpagetest" time="64.386" errors="0" timestamp="2021-03-25T11:08:27 IST" skipped="0">
  <testcase classname="CMCadmintest.Loginpagetest" name="logintest" time="29.904"/>
  <system-out/>
  <testcase classname="CMCadmintest.Loginpagetest" name="verifytitle" time="25.789"/>
  <system-out/>
  <testcase classname="CMCadmintest.Loginpagetest" name="verifylogo" time="8.693"/>
  <system-out/>
</testsuite> <!-- CMCadmintest.Loginpagetest -->
