<?xml version="1.0" encoding="UTF-8"?>
<!-- Generated by org.testng.reporters.JUnitReportReporter -->
<testsuite hostname="DESKTOP-A9223PE" failures="0" tests="2" name="CMCadmintest.Frontofficepagetest" time="61.834" errors="0" timestamp="2021-03-25T11:08:27 IST" skipped="0">
  <testcase classname="CMCadmintest.Frontofficepagetest" name="frontofficetest" time="33.051"/>
  <system-out/>
  <testcase classname="CMCadmintest.Frontofficepagetest" name="verifyfrontoffice" time="28.783"/>
  <system-out/>
</testsuite> <!-- CMCadmintest.Frontofficepagetest -->
