<?xml version="1.0" encoding="UTF-8"?>
<!-- Generated by org.testng.reporters.JUnitReportReporter -->
<testsuite hostname="DESKTOP-A9223PE" failures="0" tests="1" name="CMCadmintest.Visitorpagetest" time="60.189" errors="0" timestamp="2021-03-25T11:08:27 IST" skipped="0">
  <testcase classname="CMCadmintest.Visitorpagetest" name="addvisitordetails" time="60.189"/>
  <system-out/>
</testsuite> <!-- CMCadmintest.Visitorpagetest -->
